<?xml version="1.0" encoding="UTF-8"?>
<!-- Generated by org.testng.reporters.JUnitXMLReporter -->
<testsuite hostname="JOY" ignored="2" name="Test" tests="4" failures="0" timestamp="21 Jul 2017 18:55:02 GMT" time="0.106" errors="0">
  <testcase name="verifyprodprice" time="0.041" classname="TESTNGFW.BeforeAfterMethodExample1"/>
  <testcase name="verifylang" time="0.003" classname="TESTNGFW.BeforeAfterMethodExample"/>
  <testcase name="verifycart" time="0.01" classname="TESTNGFW.BeforeAfterMethodExample"/>
  <testcase name="verifyprodava" time="0.002" classname="TESTNGFW.BeforeAfterMethodExample1"/>
  <testcase name="verifydept" time="0.0" classname="TESTNGFW.BeforeAfterMethodExample">
    <ignored/>
  </testcase> <!-- verifydept -->
  <testcase name="verifyprodimg" time="0.0" classname="TESTNGFW.BeforeAfterMethodExample1">
    <ignored/>
  </testcase> <!-- verifyprodimg -->
</testsuite> <!-- Test -->
