<?xml version="1.0" encoding="UTF-8"?>
<!-- Generated by org.testng.reporters.JUnitXMLReporter -->
<testsuite hostname="JOY" ignored="0" name="firefoxtest" tests="11" failures="0" timestamp="24 Jul 2017 18:03:57 GMT" time="0.214" errors="0">
  <testcase name="verifylang" time="0.021" classname="TESTNGFW.BeforeAfterMethodExample"/>
  <testcase name="verifydept" time="0.002" classname="TESTNGFW.BeforeAfterMethodExample"/>
  <testcase name="verifyprodprice" time="0.001" classname="TESTNGFW.BeforeAfterMethodExample1"/>
  <testcase name="verifyprodimg" time="0.005" classname="TESTNGFW.BeforeAfterMethodExample1"/>
  <testcase name="verifycart" time="0.003" classname="TESTNGFW.BeforeAfterMethodExample"/>
  <testcase name="verifycart" time="0.002" classname="TESTNGFW.BeforeAfterMethodExample"/>
  <testcase name="verifycart" time="0.04" classname="TESTNGFW.BeforeAfterMethodExample"/>
  <testcase name="verifycart" time="0.004" classname="TESTNGFW.BeforeAfterMethodExample"/>
  <testcase name="verifycart" time="0.0" classname="TESTNGFW.BeforeAfterMethodExample"/>
  <testcase name="verifycart" time="0.002" classname="TESTNGFW.BeforeAfterMethodExample"/>
  <testcase name="verifyprodava" time="0.0" classname="TESTNGFW.BeforeAfterMethodExample1"/>
</testsuite> <!-- firefoxtest -->
